<?xml version="1.0" encoding="UTF-8"?>
<!-- Generated by org.testng.reporters.JUnitReportReporter -->
<testsuite skipped="0" hostname="ksprajapati-HP" name="moreAnn.DataProvid" tests="2" failures="0" timestamp="19 Aug 2017 16:25:15 GMT" time="0.017" errors="0">
  <testcase name="endingpoint" time="0.016" classname="moreAnn.DataProvid"/>
  <testcase name="endingpoint" time="0.001" classname="moreAnn.DataProvid"/>
</testsuite> <!-- moreAnn.DataProvid -->
