<?xml version="1.0" encoding="UTF-8"?>
<!-- Generated by org.testng.reporters.JUnitReportReporter -->
<testsuite skipped="0" hostname="ksprajapati-HP" name="basicTesting.SampleTestng" tests="3" failures="0" timestamp="19 Aug 2017 16:25:15 GMT" time="0.028" errors="0">
  <testcase name="openBrowser" time="0.011" classname="basicTesting.SampleTestng"/>
  <testcase name="openBrowser2" time="0.002" classname="basicTesting.SampleTestng"/>
  <testcase name="openBrowser1" time="0.015" classname="basicTesting.SampleTestng"/>
</testsuite> <!-- basicTesting.SampleTestng -->
