<?xml version="1.0" encoding="UTF-8"?>
<!-- Generated by org.testng.reporters.JUnitReportReporter -->
<testsuite skipped="0" hostname="ksprajapati-HP" name="run.Test1" tests="1" failures="0" timestamp="19 Aug 2017 16:25:15 GMT" time="0.003" errors="0">
  <testcase name="start" time="0.003" classname="run.Test1"/>
</testsuite> <!-- run.Test1 -->
