<?xml version="1.0" encoding="UTF-8"?>
<!-- Generated by org.testng.reporters.JUnitReportReporter -->
<testsuite skipped="0" hostname="ksprajapati-HP" name="moreAnn.BeforeAndAfter" tests="2" failures="0" timestamp="19 Aug 2017 16:25:15 GMT" time="0.006" errors="0">
  <testcase name="openBrowser1" time="0.003" classname="moreAnn.BeforeAndAfter"/>
  <testcase name="openBrowser2" time="0.003" classname="moreAnn.BeforeAndAfter"/>
</testsuite> <!-- moreAnn.BeforeAndAfter -->
